[20:00:19.714][info] [#0:/Users/davidrosenberg/.local/share/nvim/lspinstall/lua/sumneko-lua/extension/server/main.lua:44]: Lua Lsp startup, root: 	/Users/davidrosenberg/.local/share/nvim/lspinstall/lua/sumneko-lua/extension/server
[20:00:19.715][debug][#0:/Users/davidrosenberg/.local/share/nvim/lspinstall/lua/sumneko-lua/extension/server/main.lua:45]: ROOT:	/Users/davidrosenberg/.local/share/nvim/lspinstall/lua/sumneko-lua/extension/server
[20:00:19.715][debug][#0:/Users/davidrosenberg/.local/share/nvim/lspinstall/lua/sumneko-lua/extension/server/main.lua:46]: LOGPATH:	/Users/davidrosenberg/.local/share/nvim/lspinstall/lua/sumneko-lua/extension/server/log
[20:00:19.715][debug][#0:/Users/davidrosenberg/.local/share/nvim/lspinstall/lua/sumneko-lua/extension/server/main.lua:47]: METAPATH:	/Users/davidrosenberg/.local/share/nvim/lspinstall/lua/sumneko-lua/extension/server/meta
[20:00:19.716][debug][#0:/Users/davidrosenberg/.local/share/nvim/lspinstall/lua/sumneko-lua/extension/server/main.lua:48]: VERSION:	2.3.6
[20:00:19.721][info] [#0:script/service/telemetry.lua:21]: Telemetry Token:	4CF7DFFBA630E2A9
[20:00:19.770][info] [#0:script/pub/pub.lua:48]: Create brave:	1
[20:00:19.770][info] [#0:script/pub/pub.lua:48]: Create brave:	2
[20:00:19.770][info] [#0:script/pub/pub.lua:48]: Create brave:	3
[20:00:19.770][info] [#0:script/pub/pub.lua:48]: Create brave:	4
[20:00:19.770][debug][#0:script/service/service.lua:137]: 
========= Medical Examination Report =========
    --------------- Memory ---------------
        Total: 1.133 MB
        # 00 : 1.133 MB
        # 01 : 0.000 MB
        # 02 : 0.000 MB
        # 03 : 0.000 MB
        # 04 : 0.000 MB
    --------------- Coroutine ---------------
        Total:     0
        Running:   0
        Suspended: 0
        Normal:    0
        Dead:      0
    --------------- Cache ---------------
        Total: 1
        Dead:  0
    --------------- Proto ---------------
        Holdon:   0
        Waiting:  0
==============================================
[20:00:19.900][debug][#0:script/client.lua:209]: Client init	{
    capabilities = {
        callHierarchy = {
            dynamicRegistration = false,
        },
        textDocument = {
            codeAction = {
                codeActionLiteralSupport = {
                    codeActionKind = {
                        valueSet = {
                            [01] = "",
                            [02] = "Empty",
                            [03] = "QuickFix",
                            [04] = "Refactor",
                            [05] = "RefactorExtract",
                            [06] = "RefactorInline",
                            [07] = "RefactorRewrite",
                            [08] = "Source",
                            [09] = "SourceOrganizeImports",
                            [10] = "quickfix",
                            [11] = "refactor",
                            [12] = "refactor.extract",
                            [13] = "refactor.inline",
                            [14] = "refactor.rewrite",
                            [15] = "source",
                            [16] = "source.organizeImports",
                        },
                    },
                },
                dynamicRegistration = false,
            },
            completion = {
                completionItem = {
                    commitCharactersSupport = true,
                    deprecatedSupport = true,
                    documentationFormat = {
                        [1] = "markdown",
                        [2] = "plaintext",
                    },
                    insertReplaceSupport = true,
                    labelDetailsSupport = true,
                    preselectSupport = true,
                    resolveSupport = {
                        properties = {
                            [1] = "documentation",
                            [2] = "detail",
                            [3] = "additionalTextEdits",
                        },
                    },
                    snippetSupport = true,
                    tagSupport = {
                        valueSet = {
                            [1] = 1,
                        },
                    },
                },
                completionItemKind = {
                    valueSet = {
                        [01] = 1,
                        [02] = 2,
                        [03] = 3,
                        [04] = 4,
                        [05] = 5,
                        [06] = 6,
                        [07] = 7,
                        [08] = 8,
                        [09] = 9,
                        [10] = 10,
                        [11] = 11,
                        [12] = 12,
                        [13] = 13,
                        [14] = 14,
                        [15] = 15,
                        [16] = 16,
                        [17] = 17,
                        [18] = 18,
                        [19] = 19,
                        [20] = 20,
                        [21] = 21,
                        [22] = 22,
                        [23] = 23,
                        [24] = 24,
                        [25] = 25,
                    },
                },
                contextSupport = false,
                dynamicRegistration = false,
            },
            declaration = {
                linkSupport = true,
            },
            definition = {
                linkSupport = true,
            },
            documentHighlight = {
                dynamicRegistration = false,
            },
            documentSymbol = {
                dynamicRegistration = false,
                hierarchicalDocumentSymbolSupport = true,
                symbolKind = {
                    valueSet = {
                        [01] = 1,
                        [02] = 2,
                        [03] = 3,
                        [04] = 4,
                        [05] = 5,
                        [06] = 6,
                        [07] = 7,
                        [08] = 8,
                        [09] = 9,
                        [10] = 10,
                        [11] = 11,
                        [12] = 12,
                        [13] = 13,
                        [14] = 14,
                        [15] = 15,
                        [16] = 16,
                        [17] = 17,
                        [18] = 18,
                        [19] = 19,
                        [20] = 20,
                        [21] = 21,
                        [22] = 22,
                        [23] = 23,
                        [24] = 24,
                        [25] = 25,
                        [26] = 26,
                    },
                },
            },
            hover = {
                contentFormat = {
                    [1] = "markdown",
                    [2] = "plaintext",
                },
                dynamicRegistration = false,
            },
            implementation = {
                linkSupport = true,
            },
            publishDiagnostics = {
                relatedInformation = true,
                tagSupport = {
                    valueSet = {
                        [1] = 1,
                        [2] = 2,
                    },
                },
            },
            references = {
                dynamicRegistration = false,
            },
            rename = {
                dynamicRegistration = false,
                prepareSupport = true,
            },
            signatureHelp = {
                dynamicRegistration = false,
                signatureInformation = {
                    activeParameterSupport = true,
                    documentationFormat = {
                        [1] = "markdown",
                        [2] = "plaintext",
                    },
                    parameterInformation = {
                        labelOffsetSupport = true,
                    },
                },
            },
            synchronization = {
                didSave = true,
                dynamicRegistration = false,
                willSave = false,
                willSaveWaitUntil = false,
            },
            typeDefinition = {
                linkSupport = true,
            },
        },
        window = {
            showDocument = {
                support = false,
            },
            showMessage = {
                messageActionItem = {
                    additionalPropertiesSupport = false,
                },
            },
            workDoneProgress = true,
        },
        workspace = {
            applyEdit = true,
            configuration = true,
            symbol = {
                dynamicRegistration = false,
                hierarchicalWorkspaceSymbolSupport = true,
                symbolKind = {
                    valueSet = {
                        [01] = 1,
                        [02] = 2,
                        [03] = 3,
                        [04] = 4,
                        [05] = 5,
                        [06] = 6,
                        [07] = 7,
                        [08] = 8,
                        [09] = 9,
                        [10] = 10,
                        [11] = 11,
                        [12] = 12,
                        [13] = 13,
                        [14] = 14,
                        [15] = 15,
                        [16] = 16,
                        [17] = 17,
                        [18] = 18,
                        [19] = 19,
                        [20] = 20,
                        [21] = 21,
                        [22] = 22,
                        [23] = 23,
                        [24] = 24,
                        [25] = 25,
                        [26] = 26,
                    },
                },
            },
            workspaceEdit = {
                resourceOperations = {
                    [1] = "rename",
                    [2] = "create",
                    [3] = "delete",
                },
            },
            workspaceFolders = true,
        },
    },
    clientInfo = {
        name = "Neovim",
        version = "0.6.0",
    },
    initializationOptions = {
    },
    processId = 55253,
    rootPath = "/Users/davidrosenberg/.config/lvim",
    rootUri = "file:///Users/davidrosenberg/.config/lvim",
    trace = "off",
    workspaceFolders = {
        [1] = {
            name = "/Users/davidrosenberg/.config/lvim",
            uri = "file:///Users/davidrosenberg/.config/lvim",
        },
    },
}
[20:00:19.900][info] [#0:script/language.lua:135]: VSC language: nil
[20:00:19.900][info] [#0:script/language.lua:136]: LS  language: en-us
[20:00:19.901][info] [#0:script/workspace/workspace.lua:34]: Workspace inited: 	file:///Users/davidrosenberg/.config/lvim
[20:00:19.902][info] [#0:script/workspace/workspace.lua:43]: Log path: 	/Users/davidrosenberg/.local/share/nvim/lspinstall/lua/sumneko-lua/extension/server/log/file_Users_davidrosenberg_.config_lvim.log
[20:00:19.904][debug][#0:script/provider/semantic-tokens.lua:105]: Refresh semantic tokens.
[20:00:19.904][debug][#0:script/provider/semantic-tokens.lua:105]: Refresh semantic tokens.
[20:00:19.904][debug][#0:script/provider/semantic-tokens.lua:105]: Refresh semantic tokens.
[20:00:19.904][debug][#0:script/provider/semantic-tokens.lua:105]: Refresh semantic tokens.
[20:00:19.904][debug][#0:script/provider/semantic-tokens.lua:105]: Refresh semantic tokens.
[20:00:19.904][debug][#0:script/provider/semantic-tokens.lua:105]: Refresh semantic tokens.
[20:00:19.904][debug][#0:script/provider/semantic-tokens.lua:105]: Refresh semantic tokens.
[20:00:19.904][debug][#0:script/provider/semantic-tokens.lua:105]: Refresh semantic tokens.
[20:00:19.904][debug][#0:script/provider/semantic-tokens.lua:105]: Refresh semantic tokens.
[20:00:19.904][debug][#0:script/provider/semantic-tokens.lua:105]: Refresh semantic tokens.
[20:00:19.904][debug][#0:script/provider/semantic-tokens.lua:105]: Refresh semantic tokens.
[20:00:19.904][debug][#0:script/provider/semantic-tokens.lua:105]: Refresh semantic tokens.
[20:00:19.904][debug][#0:script/provider/semantic-tokens.lua:105]: Refresh semantic tokens.
[20:00:19.904][debug][#0:script/provider/semantic-tokens.lua:105]: Refresh semantic tokens.
[20:00:19.904][debug][#0:script/provider/semantic-tokens.lua:105]: Refresh semantic tokens.
[20:00:19.904][debug][#0:script/provider/semantic-tokens.lua:105]: Refresh semantic tokens.
[20:00:19.905][debug][#0:script/provider/semantic-tokens.lua:105]: Refresh semantic tokens.
[20:00:19.905][debug][#0:script/provider/semantic-tokens.lua:105]: Refresh semantic tokens.
[20:00:19.905][debug][#0:script/provider/semantic-tokens.lua:105]: Refresh semantic tokens.
[20:00:19.950][warn] [#0:script/proto/proto.lua:99]: Response of [workspace/semanticTokens/refresh] error [-32601]: MethodNotFound
[20:00:19.951][warn] [#0:script/proto/proto.lua:99]: Response of [workspace/semanticTokens/refresh] error [-32601]: MethodNotFound
[20:00:19.951][warn] [#0:script/proto/proto.lua:99]: Response of [workspace/semanticTokens/refresh] error [-32601]: MethodNotFound
[20:00:19.951][warn] [#0:script/proto/proto.lua:99]: Response of [workspace/semanticTokens/refresh] error [-32601]: MethodNotFound
[20:00:19.951][warn] [#0:script/proto/proto.lua:99]: Response of [workspace/semanticTokens/refresh] error [-32601]: MethodNotFound
[20:00:19.951][warn] [#0:script/proto/proto.lua:99]: Response of [workspace/semanticTokens/refresh] error [-32601]: MethodNotFound
[20:00:19.951][warn] [#0:script/proto/proto.lua:99]: Response of [workspace/semanticTokens/refresh] error [-32601]: MethodNotFound
[20:00:19.951][warn] [#0:script/proto/proto.lua:99]: Response of [workspace/semanticTokens/refresh] error [-32601]: MethodNotFound
[20:00:19.951][warn] [#0:script/proto/proto.lua:99]: Response of [workspace/semanticTokens/refresh] error [-32601]: MethodNotFound
[20:00:19.951][warn] [#0:script/proto/proto.lua:99]: Response of [workspace/semanticTokens/refresh] error [-32601]: MethodNotFound
[20:00:19.951][warn] [#0:script/proto/proto.lua:99]: Response of [workspace/semanticTokens/refresh] error [-32601]: MethodNotFound
[20:00:19.951][warn] [#0:script/proto/proto.lua:99]: Response of [workspace/semanticTokens/refresh] error [-32601]: MethodNotFound
[20:00:19.951][warn] [#0:script/proto/proto.lua:99]: Response of [workspace/semanticTokens/refresh] error [-32601]: MethodNotFound
[20:00:19.951][warn] [#0:script/proto/proto.lua:99]: Response of [workspace/semanticTokens/refresh] error [-32601]: MethodNotFound
[20:00:19.951][warn] [#0:script/proto/proto.lua:99]: Response of [workspace/semanticTokens/refresh] error [-32601]: MethodNotFound
[20:00:19.951][warn] [#0:script/proto/proto.lua:99]: Response of [workspace/semanticTokens/refresh] error [-32601]: MethodNotFound
[20:00:19.952][warn] [#0:script/proto/proto.lua:99]: Response of [workspace/semanticTokens/refresh] error [-32601]: MethodNotFound
[20:00:19.952][warn] [#0:script/proto/proto.lua:99]: Response of [workspace/semanticTokens/refresh] error [-32601]: MethodNotFound
[20:00:19.952][warn] [#0:script/proto/proto.lua:99]: Response of [workspace/semanticTokens/refresh] error [-32601]: MethodNotFound
[20:00:19.953][debug][#0:script/provider/provider.lua:28]: load config from client
[20:00:19.953][debug][#0:script/provider/provider.lua:35]: loaded config dump:	{
    Lua = {
        diagnostics = {
            globals = {
                [1] = "vim",
                [2] = "lvim",
            },
        },
        runtime = {
            path = {
                [1] = "./?.lua",
                [2] = "/Users/davidrosenberg/src/neovim/.deps/usr/share/luajit-2.1.0-beta3/?.lua",
                [3] = "/usr/local/share/lua/5.1/?.lua",
                [4] = "/usr/local/share/lua/5.1/?/init.lua",
                [5] = "/Users/davidrosenberg/src/neovim/.deps/usr/share/lua/5.1/?.lua",
                [6] = "/Users/davidrosenberg/src/neovim/.deps/usr/share/lua/5.1/?/init.lua",
            },
            version = "LuaJIT",
        },
        telemetry = {
            enable = false,
        },
        workspace = {
            library = {
                ["/Users/davidrosenberg/.local/share/lunarvim/lvim/lua"] = true,
                ["/usr/local/share/nvim/runtime/lua"] = true,
                ["/usr/local/share/nvim/runtime/lua/vim/lsp"] = true,
            },
            maxPreload = 100000,
            preloadFileSize = 1000,
        },
    },
}
[20:00:19.978][info] [#0:script/plugin.lua:57]: plugin path:	nil
[20:00:19.979][info] [#0:script/plugin.lua:57]: plugin path:	nil
[20:00:19.979][debug][#0:script/provider/semantic-tokens.lua:105]: Refresh semantic tokens.
[20:00:19.979][info] [#0:script/plugin.lua:57]: plugin path:	nil
[20:00:19.979][debug][#0:script/provider/semantic-tokens.lua:105]: Refresh semantic tokens.
[20:00:19.979][info] [#0:script/plugin.lua:57]: plugin path:	nil
[20:00:19.979][debug][#0:script/provider/semantic-tokens.lua:105]: Refresh semantic tokens.
[20:00:19.984][info] [#0:script/plugin.lua:57]: plugin path:	nil
[20:00:19.984][debug][#0:script/provider/semantic-tokens.lua:105]: Refresh semantic tokens.
[20:00:19.988][info] [#0:script/plugin.lua:57]: plugin path:	nil
[20:00:19.988][debug][#0:script/provider/semantic-tokens.lua:105]: Refresh semantic tokens.
[20:00:19.988][debug][#0:script/provider/provider.lua:28]: load config from client
[20:00:19.988][debug][#0:script/provider/provider.lua:35]: loaded config dump:	{
    Lua = {
        diagnostics = {
            globals = {
                [1] = "vim",
                [2] = "lvim",
            },
        },
        runtime = {
            path = {
                [1] = "./?.lua",
                [2] = "/Users/davidrosenberg/src/neovim/.deps/usr/share/luajit-2.1.0-beta3/?.lua",
                [3] = "/usr/local/share/lua/5.1/?.lua",
                [4] = "/usr/local/share/lua/5.1/?/init.lua",
                [5] = "/Users/davidrosenberg/src/neovim/.deps/usr/share/lua/5.1/?.lua",
                [6] = "/Users/davidrosenberg/src/neovim/.deps/usr/share/lua/5.1/?/init.lua",
            },
            version = "LuaJIT",
        },
        telemetry = {
            enable = false,
        },
        workspace = {
            library = {
                ["/Users/davidrosenberg/.local/share/lunarvim/lvim/lua"] = true,
                ["/usr/local/share/nvim/runtime/lua"] = true,
                ["/usr/local/share/nvim/runtime/lua/vim/lsp"] = true,
            },
            maxPreload = 100000,
            preloadFileSize = 1000,
        },
    },
}
[20:00:19.988][warn] [#0:script/proto/proto.lua:99]: Response of [workspace/semanticTokens/refresh] error [-32601]: MethodNotFound
[20:00:19.988][warn] [#0:script/proto/proto.lua:99]: Response of [workspace/semanticTokens/refresh] error [-32601]: MethodNotFound
[20:00:19.988][warn] [#0:script/proto/proto.lua:99]: Response of [workspace/semanticTokens/refresh] error [-32601]: MethodNotFound
[20:00:19.988][warn] [#0:script/proto/proto.lua:99]: Response of [workspace/semanticTokens/refresh] error [-32601]: MethodNotFound
[20:00:19.988][warn] [#0:script/proto/proto.lua:99]: Response of [workspace/semanticTokens/refresh] error [-32601]: MethodNotFound
[20:00:20.159][info] [#0:script/workspace/workspace.lua:313]: Preload start.
[20:00:20.159][info] [#0:script/workspace/workspace.lua:126]: Ignore by library:	/Users/davidrosenberg/.local/share/lunarvim/lvim/lua
[20:00:20.159][info] [#0:script/workspace/workspace.lua:126]: Ignore by library:	/usr/local/share/nvim/runtime/lua
[20:00:20.159][info] [#0:script/workspace/workspace.lua:126]: Ignore by library:	/usr/local/share/nvim/runtime/lua/vim/lsp
[20:00:20.160][debug][#0:script/workspace/workspace.lua:165]: getLibraryMatchers	/Users/davidrosenberg/.local/share/lunarvim/lvim/lua	/Users/davidrosenberg/.local/share/lunarvim/lvim/lua
[20:00:20.161][debug][#0:script/workspace/workspace.lua:165]: getLibraryMatchers	/Users/davidrosenberg/.local/share/nvim/lspinstall/lua/sumneko-lua/extension/server/meta/LuaJIT en-us	/Users/davidrosenberg/.local/share/nvim/lspinstall/lua/sumneko-lua/extension/server/meta/LuaJIT en-us
[20:00:20.161][debug][#0:script/workspace/workspace.lua:165]: getLibraryMatchers	/usr/local/share/nvim/runtime/lua	/usr/local/share/nvim/runtime/lua
[20:00:20.161][debug][#0:script/workspace/workspace.lua:165]: getLibraryMatchers	/usr/local/share/nvim/runtime/lua/vim/lsp	/usr/local/share/nvim/runtime/lua/vim/lsp
[20:00:20.161][info] [#0:script/workspace/workspace.lua:318]: Scan files at:	/Users/davidrosenberg/.config/lvim
[20:00:20.162][info] [#0:script/workspace/workspace.lua:323]: Scan library at:	/Users/davidrosenberg/.local/share/lunarvim/lvim/lua
[20:00:20.172][info] [#0:script/workspace/workspace.lua:323]: Scan library at:	/Users/davidrosenberg/.local/share/nvim/lspinstall/lua/sumneko-lua/extension/server/meta/LuaJIT en-us
[20:00:20.175][info] [#0:script/workspace/workspace.lua:323]: Scan library at:	/usr/local/share/nvim/runtime/lua
[20:00:20.178][info] [#0:script/workspace/workspace.lua:323]: Scan library at:	/usr/local/share/nvim/runtime/lua/vim/lsp
[20:00:20.178][info] [#0:script/workspace/workspace.lua:346]: Found 108 files.
[20:00:20.178][info] [#0:script/workspace/workspace.lua:231]: Preload file at: file:///usr/local/share/nvim/runtime/lua/vim/uri.lua , size = 3.171 KB
[20:00:20.178][info] [#0:script/workspace/workspace.lua:233]: ++++As library of:	/usr/local/share/nvim/runtime/lua
[20:00:20.187][info] [#0:script/workspace/workspace.lua:349]: Loaded 1/108 files
[20:00:20.189][info] [#0:script/workspace/workspace.lua:231]: Preload file at: file:///usr/local/share/nvim/runtime/lua/vim/lsp/protocol.lua , size = 38.178 KB
[20:00:20.189][info] [#0:script/workspace/workspace.lua:233]: ++++As library of:	/usr/local/share/nvim/runtime/lua/vim/lsp
[20:00:20.200][info] [#0:script/workspace/workspace.lua:231]: Preload file at: file:///usr/local/share/nvim/runtime/lua/vim/lsp/diagnostic.lua , size = 47.734 KB
[20:00:20.200][info] [#0:script/workspace/workspace.lua:233]: ++++As library of:	/usr/local/share/nvim/runtime/lua/vim/lsp
[20:00:20.240][info] [#0:script/workspace/workspace.lua:231]: Preload file at: file:///usr/local/share/nvim/runtime/lua/vim/lsp/util.lua , size = 65.770 KB
[20:00:20.240][info] [#0:script/workspace/workspace.lua:233]: ++++As library of:	/usr/local/share/nvim/runtime/lua/vim/lsp
[20:00:20.303][info] [#0:script/workspace/workspace.lua:349]: Loaded 4/108 files
[20:00:20.305][info] [#0:script/workspace/workspace.lua:231]: Preload file at: file:///usr/local/share/nvim/runtime/lua/vim/lsp/health.lua , size = 0.843 KB
[20:00:20.305][info] [#0:script/workspace/workspace.lua:233]: ++++As library of:	/usr/local/share/nvim/runtime/lua/vim/lsp
[20:00:20.308][info] [#0:script/workspace/workspace.lua:231]: Preload file at: file:///usr/local/share/nvim/runtime/lua/vim/lsp/codelens.lua , size = 6.616 KB
[20:00:20.308][info] [#0:script/workspace/workspace.lua:233]: ++++As library of:	/usr/local/share/nvim/runtime/lua/vim/lsp
[20:00:20.315][info] [#0:script/workspace/workspace.lua:231]: Preload file at: file:///usr/local/share/nvim/runtime/lua/vim/lsp/log.lua , size = 3.622 KB
[20:00:20.315][info] [#0:script/workspace/workspace.lua:233]: ++++As library of:	/usr/local/share/nvim/runtime/lua/vim/lsp
[20:00:20.318][info] [#0:script/workspace/workspace.lua:231]: Preload file at: file:///usr/local/share/nvim/runtime/lua/vim/lsp/buf.lua , size = 18.077 KB
[20:00:20.318][info] [#0:script/workspace/workspace.lua:233]: ++++As library of:	/usr/local/share/nvim/runtime/lua/vim/lsp
[20:00:20.334][info] [#0:script/workspace/workspace.lua:231]: Preload file at: file:///usr/local/share/nvim/runtime/lua/vim/_meta.lua , size = 19.111 KB
[20:00:20.334][info] [#0:script/workspace/workspace.lua:233]: ++++As library of:	/usr/local/share/nvim/runtime/lua
[20:00:20.356][info] [#0:script/workspace/workspace.lua:231]: Preload file at: file:///usr/local/share/nvim/runtime/lua/vim/lsp/handlers.lua , size = 18.263 KB
[20:00:20.356][info] [#0:script/workspace/workspace.lua:233]: ++++As library of:	/usr/local/share/nvim/runtime/lua/vim/lsp
[20:00:20.373][info] [#0:script/workspace/workspace.lua:231]: Preload file at: file:///usr/local/share/nvim/runtime/lua/vim/lsp/rpc.lua , size = 21.033 KB
[20:00:20.373][info] [#0:script/workspace/workspace.lua:233]: ++++As library of:	/usr/local/share/nvim/runtime/lua/vim/lsp
[20:00:20.394][info] [#0:script/workspace/workspace.lua:349]: Loaded 11/108 files
[20:00:20.395][info] [#0:script/workspace/workspace.lua:231]: Preload file at: file:///usr/local/share/nvim/runtime/lua/vim/shared.lua , size = 16.093 KB
[20:00:20.395][info] [#0:script/workspace/workspace.lua:233]: ++++As library of:	/usr/local/share/nvim/runtime/lua
[20:00:20.417][info] [#0:script/workspace/workspace.lua:231]: Preload file at: file:///usr/local/share/nvim/runtime/lua/vim/treesitter/health.lua , size = 1.143 KB
[20:00:20.417][info] [#0:script/workspace/workspace.lua:233]: ++++As library of:	/usr/local/share/nvim/runtime/lua
[20:00:20.420][info] [#0:script/workspace/workspace.lua:231]: Preload file at: file:///usr/local/share/nvim/runtime/lua/vim/treesitter/languagetree.lua , size = 15.415 KB
[20:00:20.420][info] [#0:script/workspace/workspace.lua:233]: ++++As library of:	/usr/local/share/nvim/runtime/lua
[20:00:20.430][info] [#0:script/workspace/workspace.lua:231]: Preload file at: file:///usr/local/share/nvim/runtime/lua/vim/treesitter/query.lua , size = 16.371 KB
[20:00:20.430][info] [#0:script/workspace/workspace.lua:233]: ++++As library of:	/usr/local/share/nvim/runtime/lua
[20:00:20.453][info] [#0:script/workspace/workspace.lua:231]: Preload file at: file:///usr/local/share/nvim/runtime/lua/vim/treesitter/language.lua , size = 1.218 KB
[20:00:20.453][info] [#0:script/workspace/workspace.lua:233]: ++++As library of:	/usr/local/share/nvim/runtime/lua
[20:00:20.454][info] [#0:script/workspace/workspace.lua:231]: Preload file at: file:///usr/local/share/nvim/runtime/lua/vim/treesitter/highlighter.lua , size = 8.089 KB
[20:00:20.454][info] [#0:script/workspace/workspace.lua:233]: ++++As library of:	/usr/local/share/nvim/runtime/lua
[20:00:20.460][info] [#0:script/workspace/workspace.lua:231]: Preload file at: file:///usr/local/share/nvim/runtime/lua/vim/highlight.lua , size = 3.317 KB
[20:00:20.460][info] [#0:script/workspace/workspace.lua:233]: ++++As library of:	/usr/local/share/nvim/runtime/lua
[20:00:20.466][info] [#0:script/workspace/workspace.lua:231]: Preload file at: file:///usr/local/share/nvim/runtime/lua/vim/lsp/protocol.lua , size = 38.178 KB
[20:00:20.466][info] [#0:script/workspace/workspace.lua:233]: ++++As library of:	/usr/local/share/nvim/runtime/lua
[20:00:20.467][info] [#0:script/workspace/workspace.lua:231]: Preload file at: file:///usr/local/share/nvim/runtime/lua/vim/lsp/diagnostic.lua , size = 47.734 KB
[20:00:20.467][info] [#0:script/workspace/workspace.lua:233]: ++++As library of:	/usr/local/share/nvim/runtime/lua
[20:00:20.467][info] [#0:script/workspace/workspace.lua:231]: Preload file at: file:///usr/local/share/nvim/runtime/lua/vim/lsp/health.lua , size = 0.843 KB
[20:00:20.467][info] [#0:script/workspace/workspace.lua:233]: ++++As library of:	/usr/local/share/nvim/runtime/lua
[20:00:20.467][info] [#0:script/workspace/workspace.lua:231]: Preload file at: file:///usr/local/share/nvim/runtime/lua/vim/lsp/codelens.lua , size = 6.616 KB
[20:00:20.467][info] [#0:script/workspace/workspace.lua:233]: ++++As library of:	/usr/local/share/nvim/runtime/lua
[20:00:20.467][info] [#0:script/workspace/workspace.lua:231]: Preload file at: file:///usr/local/share/nvim/runtime/lua/vim/lsp/util.lua , size = 65.770 KB
[20:00:20.467][info] [#0:script/workspace/workspace.lua:233]: ++++As library of:	/usr/local/share/nvim/runtime/lua
[20:00:20.468][info] [#0:script/workspace/workspace.lua:231]: Preload file at: file:///usr/local/share/nvim/runtime/lua/vim/lsp/log.lua , size = 3.622 KB
[20:00:20.468][info] [#0:script/workspace/workspace.lua:233]: ++++As library of:	/usr/local/share/nvim/runtime/lua
[20:00:20.468][info] [#0:script/workspace/workspace.lua:231]: Preload file at: file:///usr/local/share/nvim/runtime/lua/vim/lsp/buf.lua , size = 18.077 KB
[20:00:20.468][info] [#0:script/workspace/workspace.lua:233]: ++++As library of:	/usr/local/share/nvim/runtime/lua
[20:00:20.468][info] [#0:script/workspace/workspace.lua:231]: Preload file at: file:///usr/local/share/nvim/runtime/lua/vim/lsp/rpc.lua , size = 21.033 KB
[20:00:20.468][info] [#0:script/workspace/workspace.lua:233]: ++++As library of:	/usr/local/share/nvim/runtime/lua
[20:00:20.468][info] [#0:script/workspace/workspace.lua:231]: Preload file at: file:///usr/local/share/nvim/runtime/lua/vim/lsp/handlers.lua , size = 18.263 KB
[20:00:20.468][info] [#0:script/workspace/workspace.lua:233]: ++++As library of:	/usr/local/share/nvim/runtime/lua
[20:00:20.468][info] [#0:script/workspace/workspace.lua:231]: Preload file at: file:///usr/local/share/nvim/runtime/lua/vim/lsp.lua , size = 53.992 KB
[20:00:20.468][info] [#0:script/workspace/workspace.lua:233]: ++++As library of:	/usr/local/share/nvim/runtime/lua
[20:00:20.514][info] [#0:script/workspace/workspace.lua:349]: Loaded 28/108 files
[20:00:20.515][info] [#0:script/workspace/workspace.lua:231]: Preload file at: file:///usr/local/share/nvim/runtime/lua/vim/inspect.lua , size = 9.502 KB
[20:00:20.515][info] [#0:script/workspace/workspace.lua:233]: ++++As library of:	/usr/local/share/nvim/runtime/lua
[20:00:20.523][info] [#0:script/workspace/workspace.lua:231]: Preload file at: file:///usr/local/share/nvim/runtime/lua/vim/treesitter.lua , size = 2.849 KB
[20:00:20.523][info] [#0:script/workspace/workspace.lua:233]: ++++As library of:	/usr/local/share/nvim/runtime/lua
[20:00:20.539][info] [#0:script/workspace/workspace.lua:231]: Preload file at: file:///usr/local/share/nvim/runtime/lua/vim/compat.lua , size = 0.508 KB
[20:00:20.539][info] [#0:script/workspace/workspace.lua:233]: ++++As library of:	/usr/local/share/nvim/runtime/lua
[20:00:20.540][info] [#0:script/workspace/workspace.lua:231]: Preload file at: file:///usr/local/share/nvim/runtime/lua/man.lua , size = 4.848 KB
[20:00:20.540][info] [#0:script/workspace/workspace.lua:233]: ++++As library of:	/usr/local/share/nvim/runtime/lua
[20:00:20.543][info] [#0:script/workspace/workspace.lua:231]: Preload file at: file:///usr/local/share/nvim/runtime/lua/vim/F.lua , size = 0.757 KB
[20:00:20.543][info] [#0:script/workspace/workspace.lua:233]: ++++As library of:	/usr/local/share/nvim/runtime/lua
[20:00:20.544][info] [#0:script/workspace/workspace.lua:231]: Preload file at: file:///Users/davidrosenberg/.local/share/nvim/lspinstall/lua/sumneko-lua/extension/server/meta/LuaJIT%20en-us/basic.lua , size = 13.723 KB
[20:00:20.544][info] [#0:script/workspace/workspace.lua:233]: ++++As library of:	/Users/davidrosenberg/.local/share/nvim/lspinstall/lua/sumneko-lua/extension/server/meta/LuaJIT en-us
[20:00:20.550][info] [#0:script/workspace/workspace.lua:231]: Preload file at: file:///Users/davidrosenberg/.local/share/nvim/lspinstall/lua/sumneko-lua/extension/server/meta/LuaJIT%20en-us/builtin.lua , size = 0.279 KB
[20:00:20.550][info] [#0:script/workspace/workspace.lua:233]: ++++As library of:	/Users/davidrosenberg/.local/share/nvim/lspinstall/lua/sumneko-lua/extension/server/meta/LuaJIT en-us
[20:00:20.551][info] [#0:script/workspace/workspace.lua:231]: Preload file at: file:///Users/davidrosenberg/.local/share/nvim/lspinstall/lua/sumneko-lua/extension/server/meta/LuaJIT%20en-us/package.lua , size = 2.672 KB
[20:00:20.551][info] [#0:script/workspace/workspace.lua:233]: ++++As library of:	/Users/davidrosenberg/.local/share/nvim/lspinstall/lua/sumneko-lua/extension/server/meta/LuaJIT en-us
[20:00:20.553][info] [#0:script/workspace/workspace.lua:231]: Preload file at: file:///Users/davidrosenberg/.local/share/nvim/lspinstall/lua/sumneko-lua/extension/server/meta/LuaJIT%20en-us/ffi.lua , size = 2.252 KB
[20:00:20.553][info] [#0:script/workspace/workspace.lua:233]: ++++As library of:	/Users/davidrosenberg/.local/share/nvim/lspinstall/lua/sumneko-lua/extension/server/meta/LuaJIT en-us
[20:00:20.556][info] [#0:script/workspace/workspace.lua:231]: Preload file at: file:///Users/davidrosenberg/.local/share/nvim/lspinstall/lua/sumneko-lua/extension/server/meta/LuaJIT%20en-us/bit.lua , size = 1.138 KB
[20:00:20.556][info] [#0:script/workspace/workspace.lua:233]: ++++As library of:	/Users/davidrosenberg/.local/share/nvim/lspinstall/lua/sumneko-lua/extension/server/meta/LuaJIT en-us
[20:00:20.558][info] [#0:script/workspace/workspace.lua:231]: Preload file at: file:///Users/davidrosenberg/.local/share/nvim/lspinstall/lua/sumneko-lua/extension/server/meta/LuaJIT%20en-us/io.lua , size = 6.292 KB
[20:00:20.558][info] [#0:script/workspace/workspace.lua:233]: ++++As library of:	/Users/davidrosenberg/.local/share/nvim/lspinstall/lua/sumneko-lua/extension/server/meta/LuaJIT en-us
[20:00:20.562][info] [#0:script/workspace/workspace.lua:231]: Preload file at: file:///Users/davidrosenberg/.local/share/nvim/lspinstall/lua/sumneko-lua/extension/server/meta/LuaJIT%20en-us/debug.lua , size = 6.903 KB
[20:00:20.562][info] [#0:script/workspace/workspace.lua:233]: ++++As library of:	/Users/davidrosenberg/.local/share/nvim/lspinstall/lua/sumneko-lua/extension/server/meta/LuaJIT en-us
[20:00:20.580][info] [#0:script/workspace/workspace.lua:349]: Loaded 40/108 files
[20:00:20.581][info] [#0:script/workspace/workspace.lua:231]: Preload file at: file:///Users/davidrosenberg/.local/share/nvim/lspinstall/lua/sumneko-lua/extension/server/meta/LuaJIT%20en-us/coroutine.lua , size = 2.431 KB
[20:00:20.581][info] [#0:script/workspace/workspace.lua:233]: ++++As library of:	/Users/davidrosenberg/.local/share/nvim/lspinstall/lua/sumneko-lua/extension/server/meta/LuaJIT en-us
[20:00:20.583][info] [#0:script/workspace/workspace.lua:231]: Preload file at: file:///Users/davidrosenberg/.local/share/nvim/lspinstall/lua/sumneko-lua/extension/server/meta/LuaJIT%20en-us/jit.lua , size = 0.638 KB
[20:00:20.583][info] [#0:script/workspace/workspace.lua:233]: ++++As library of:	/Users/davidrosenberg/.local/share/nvim/lspinstall/lua/sumneko-lua/extension/server/meta/LuaJIT en-us
[20:00:20.584][info] [#0:script/workspace/workspace.lua:231]: Preload file at: file:///Users/davidrosenberg/.local/share/nvim/lspinstall/lua/sumneko-lua/extension/server/meta/LuaJIT%20en-us/math.lua , size = 7.617 KB
[20:00:20.584][info] [#0:script/workspace/workspace.lua:233]: ++++As library of:	/Users/davidrosenberg/.local/share/nvim/lspinstall/lua/sumneko-lua/extension/server/meta/LuaJIT en-us
[20:00:20.589][info] [#0:script/workspace/workspace.lua:231]: Preload file at: file:///Users/davidrosenberg/.local/share/nvim/lspinstall/lua/sumneko-lua/extension/server/meta/LuaJIT%20en-us/string.lua , size = 5.937 KB
[20:00:20.589][info] [#0:script/workspace/workspace.lua:233]: ++++As library of:	/Users/davidrosenberg/.local/share/nvim/lspinstall/lua/sumneko-lua/extension/server/meta/LuaJIT en-us
[20:00:20.593][info] [#0:script/workspace/workspace.lua:231]: Preload file at: file:///Users/davidrosenberg/.local/share/nvim/lspinstall/lua/sumneko-lua/extension/server/meta/LuaJIT%20en-us/os.lua , size = 4.162 KB
[20:00:20.593][info] [#0:script/workspace/workspace.lua:233]: ++++As library of:	/Users/davidrosenberg/.local/share/nvim/lspinstall/lua/sumneko-lua/extension/server/meta/LuaJIT en-us
[20:00:20.596][info] [#0:script/workspace/workspace.lua:231]: Preload file at: file:///Users/davidrosenberg/.local/share/nvim/lspinstall/lua/sumneko-lua/extension/server/meta/LuaJIT%20en-us/table.lua , size = 2.712 KB
[20:00:20.596][info] [#0:script/workspace/workspace.lua:233]: ++++As library of:	/Users/davidrosenberg/.local/share/nvim/lspinstall/lua/sumneko-lua/extension/server/meta/LuaJIT en-us
[20:00:20.599][info] [#0:script/workspace/workspace.lua:231]: Preload file at: file:///Users/davidrosenberg/.local/share/lunarvim/lvim/lua/keymappings.lua , size = 5.356 KB
[20:00:20.599][info] [#0:script/workspace/workspace.lua:233]: ++++As library of:	/Users/davidrosenberg/.local/share/lunarvim/lvim/lua
[20:00:20.602][info] [#0:script/workspace/workspace.lua:231]: Preload file at: file:///Users/davidrosenberg/.local/share/lunarvim/lvim/lua/plugin-loader.lua , size = 1.103 KB
[20:00:20.603][info] [#0:script/workspace/workspace.lua:233]: ++++As library of:	/Users/davidrosenberg/.local/share/lunarvim/lvim/lua
[20:00:20.604][info] [#0:script/workspace/workspace.lua:231]: Preload file at: file:///Users/davidrosenberg/.local/share/lunarvim/lvim/lua/interface/popup.lua , size = 1.913 KB
[20:00:20.604][info] [#0:script/workspace/workspace.lua:233]: ++++As library of:	/Users/davidrosenberg/.local/share/lunarvim/lvim/lua
[20:00:20.606][info] [#0:script/workspace/workspace.lua:231]: Preload file at: file:///Users/davidrosenberg/.local/share/lunarvim/lvim/lua/core/info.lua , size = 6.139 KB
[20:00:20.606][info] [#0:script/workspace/workspace.lua:233]: ++++As library of:	/Users/davidrosenberg/.local/share/lunarvim/lvim/lua
[20:00:20.627][info] [#0:script/workspace/workspace.lua:231]: Preload file at: file:///Users/davidrosenberg/.local/share/lunarvim/lvim/lua/interface/text.lua , size = 1.950 KB
[20:00:20.627][info] [#0:script/workspace/workspace.lua:233]: ++++As library of:	/Users/davidrosenberg/.local/share/lunarvim/lvim/lua
[20:00:20.629][info] [#0:script/workspace/workspace.lua:231]: Preload file at: file:///Users/davidrosenberg/.local/share/lunarvim/lvim/lua/core/dashboard.lua , size = 5.922 KB
[20:00:20.630][info] [#0:script/workspace/workspace.lua:233]: ++++As library of:	/Users/davidrosenberg/.local/share/lunarvim/lvim/lua
[20:00:20.632][info] [#0:script/workspace/workspace.lua:231]: Preload file at: file:///Users/davidrosenberg/.local/share/lunarvim/lvim/lua/core/autocmds.lua , size = 3.870 KB
[20:00:20.632][info] [#0:script/workspace/workspace.lua:233]: ++++As library of:	/Users/davidrosenberg/.local/share/lunarvim/lvim/lua
[20:00:20.634][info] [#0:script/workspace/workspace.lua:231]: Preload file at: file:///Users/davidrosenberg/.local/share/lunarvim/lvim/lua/core/telescope.lua , size = 4.333 KB
[20:00:20.634][info] [#0:script/workspace/workspace.lua:233]: ++++As library of:	/Users/davidrosenberg/.local/share/lunarvim/lvim/lua
[20:00:20.636][info] [#0:script/workspace/workspace.lua:231]: Preload file at: file:///Users/davidrosenberg/.local/share/lunarvim/lvim/lua/core/autopairs.lua , size = 2.453 KB
[20:00:20.636][info] [#0:script/workspace/workspace.lua:233]: ++++As library of:	/Users/davidrosenberg/.local/share/lunarvim/lvim/lua
[20:00:20.639][info] [#0:script/workspace/workspace.lua:231]: Preload file at: file:///Users/davidrosenberg/.local/share/lunarvim/lvim/lua/core/terminal.lua , size = 4.147 KB
[20:00:20.639][info] [#0:script/workspace/workspace.lua:233]: ++++As library of:	/Users/davidrosenberg/.local/share/lunarvim/lvim/lua
[20:00:20.642][info] [#0:script/workspace/workspace.lua:231]: Preload file at: file:///Users/davidrosenberg/.local/share/lunarvim/lvim/lua/core/lspinstall.lua , size = 0.321 KB
[20:00:20.642][info] [#0:script/workspace/workspace.lua:233]: ++++As library of:	/Users/davidrosenberg/.local/share/lunarvim/lvim/lua
[20:00:20.642][info] [#0:script/workspace/workspace.lua:231]: Preload file at: file:///Users/davidrosenberg/.local/share/lunarvim/lvim/lua/core/builtins/init.lua , size = 0.483 KB
[20:00:20.642][info] [#0:script/workspace/workspace.lua:233]: ++++As library of:	/Users/davidrosenberg/.local/share/lunarvim/lvim/lua
[20:00:20.643][info] [#0:script/workspace/workspace.lua:231]: Preload file at: file:///Users/davidrosenberg/.local/share/lunarvim/lvim/lua/core/project.lua , size = 1.775 KB
[20:00:20.643][info] [#0:script/workspace/workspace.lua:233]: ++++As library of:	/Users/davidrosenberg/.local/share/lunarvim/lvim/lua
[20:00:20.644][info] [#0:script/workspace/workspace.lua:231]: Preload file at: file:///Users/davidrosenberg/.local/share/lunarvim/lvim/lua/core/commands.lua , size = 0.378 KB
[20:00:20.644][info] [#0:script/workspace/workspace.lua:233]: ++++As library of:	/Users/davidrosenberg/.local/share/lunarvim/lvim/lua
[20:00:20.646][info] [#0:script/workspace/workspace.lua:231]: Preload file at: file:///Users/davidrosenberg/.local/share/lunarvim/lvim/lua/core/gitsigns.lua , size = 1.459 KB
[20:00:20.646][info] [#0:script/workspace/workspace.lua:233]: ++++As library of:	/Users/davidrosenberg/.local/share/lunarvim/lvim/lua
[20:00:20.648][info] [#0:script/workspace/workspace.lua:231]: Preload file at: file:///Users/davidrosenberg/.local/share/lunarvim/lvim/lua/core/comment.lua , size = 0.794 KB
[20:00:20.648][info] [#0:script/workspace/workspace.lua:233]: ++++As library of:	/Users/davidrosenberg/.local/share/lunarvim/lvim/lua
[20:00:20.649][info] [#0:script/workspace/workspace.lua:231]: Preload file at: file:///Users/davidrosenberg/.local/share/lunarvim/lvim/lua/core/which-key.lua , size = 10.188 KB
[20:00:20.649][info] [#0:script/workspace/workspace.lua:233]: ++++As library of:	/Users/davidrosenberg/.local/share/lunarvim/lvim/lua
[20:00:20.653][info] [#0:script/workspace/workspace.lua:231]: Preload file at: file:///Users/davidrosenberg/.local/share/lunarvim/lvim/lua/core/cmp.lua , size = 3.126 KB
[20:00:20.653][info] [#0:script/workspace/workspace.lua:233]: ++++As library of:	/Users/davidrosenberg/.local/share/lunarvim/lvim/lua
[20:00:20.656][info] [#0:script/workspace/workspace.lua:231]: Preload file at: file:///Users/davidrosenberg/.local/share/lunarvim/lvim/lua/core/nvimtree.lua , size = 2.875 KB
[20:00:20.656][info] [#0:script/workspace/workspace.lua:233]: ++++As library of:	/Users/davidrosenberg/.local/share/lunarvim/lvim/lua
[20:00:20.667][info] [#0:script/workspace/workspace.lua:231]: Preload file at: file:///Users/davidrosenberg/.local/share/lunarvim/lvim/lua/core/log.lua , size = 1.352 KB
[20:00:20.667][info] [#0:script/workspace/workspace.lua:233]: ++++As library of:	/Users/davidrosenberg/.local/share/lunarvim/lvim/lua
[20:00:20.677][info] [#0:script/workspace/workspace.lua:231]: Preload file at: file:///Users/davidrosenberg/.local/share/lunarvim/lvim/lua/core/lualine/init.lua , size = 0.957 KB
[20:00:20.677][info] [#0:script/workspace/workspace.lua:233]: ++++As library of:	/Users/davidrosenberg/.local/share/lunarvim/lvim/lua
[20:00:20.678][info] [#0:script/workspace/workspace.lua:349]: Loaded 67/108 files
[20:00:20.678][info] [#0:script/workspace/workspace.lua:231]: Preload file at: file:///Users/davidrosenberg/.local/share/lunarvim/lvim/lua/core/lualine/conditions.lua , size = 0.455 KB
[20:00:20.678][info] [#0:script/workspace/workspace.lua:233]: ++++As library of:	/Users/davidrosenberg/.local/share/lunarvim/lvim/lua
[20:00:20.679][info] [#0:script/workspace/workspace.lua:231]: Preload file at: file:///Users/davidrosenberg/.local/share/lunarvim/lvim/lua/core/lualine/colors.lua , size = 0.278 KB
[20:00:20.679][info] [#0:script/workspace/workspace.lua:233]: ++++As library of:	/Users/davidrosenberg/.local/share/lunarvim/lvim/lua
[20:00:20.679][info] [#0:script/workspace/workspace.lua:231]: Preload file at: file:///Users/davidrosenberg/.local/share/lunarvim/lvim/lua/core/lualine/styles.lua , size = 2.786 KB
[20:00:20.679][info] [#0:script/workspace/workspace.lua:233]: ++++As library of:	/Users/davidrosenberg/.local/share/lunarvim/lvim/lua
[20:00:20.681][info] [#0:script/workspace/workspace.lua:231]: Preload file at: file:///Users/davidrosenberg/.local/share/lunarvim/lvim/lua/core/lualine/components.lua , size = 4.358 KB
[20:00:20.681][info] [#0:script/workspace/workspace.lua:233]: ++++As library of:	/Users/davidrosenberg/.local/share/lunarvim/lvim/lua
[20:00:20.684][info] [#0:script/workspace/workspace.lua:231]: Preload file at: file:///Users/davidrosenberg/.local/share/lunarvim/lvim/lua/core/lualine/utils.lua , size = 0.529 KB
[20:00:20.685][info] [#0:script/workspace/workspace.lua:233]: ++++As library of:	/Users/davidrosenberg/.local/share/lunarvim/lvim/lua
[20:00:20.685][info] [#0:script/workspace/workspace.lua:231]: Preload file at: file:///Users/davidrosenberg/.local/share/lunarvim/lvim/lua/core/dap.lua , size = 1.842 KB
[20:00:20.685][info] [#0:script/workspace/workspace.lua:233]: ++++As library of:	/Users/davidrosenberg/.local/share/lunarvim/lvim/lua
[20:00:20.687][info] [#0:script/workspace/workspace.lua:231]: Preload file at: file:///Users/davidrosenberg/.local/share/lunarvim/lvim/lua/core/treesitter.lua , size = 2.465 KB
[20:00:20.687][info] [#0:script/workspace/workspace.lua:233]: ++++As library of:	/Users/davidrosenberg/.local/share/lunarvim/lvim/lua
[20:00:20.688][info] [#0:script/workspace/workspace.lua:231]: Preload file at: file:///Users/davidrosenberg/.local/share/lunarvim/lvim/lua/core/bufferline.lua , size = 0.479 KB
[20:00:20.688][info] [#0:script/workspace/workspace.lua:233]: ++++As library of:	/Users/davidrosenberg/.local/share/lunarvim/lvim/lua
[20:00:20.689][info] [#0:script/workspace/workspace.lua:231]: Preload file at: file:///Users/davidrosenberg/.local/share/lunarvim/lvim/lua/config/init.lua , size = 1.183 KB
[20:00:20.689][info] [#0:script/workspace/workspace.lua:233]: ++++As library of:	/Users/davidrosenberg/.local/share/lunarvim/lvim/lua
[20:00:20.690][info] [#0:script/workspace/workspace.lua:231]: Preload file at: file:///Users/davidrosenberg/.local/share/lunarvim/lvim/lua/config/defaults.lua , size = 24.195 KB
[20:00:20.690][info] [#0:script/workspace/workspace.lua:233]: ++++As library of:	/Users/davidrosenberg/.local/share/lunarvim/lvim/lua
[20:00:20.703][info] [#0:script/workspace/workspace.lua:231]: Preload file at: file:///Users/davidrosenberg/.local/share/lunarvim/lvim/lua/config/settings.lua , size = 3.580 KB
[20:00:20.703][info] [#0:script/workspace/workspace.lua:233]: ++++As library of:	/Users/davidrosenberg/.local/share/lunarvim/lvim/lua
[20:00:20.705][info] [#0:script/workspace/workspace.lua:231]: Preload file at: file:///Users/davidrosenberg/.local/share/lunarvim/lvim/lua/config/my_settings.lua , size = 4.072 KB
[20:00:20.705][info] [#0:script/workspace/workspace.lua:233]: ++++As library of:	/Users/davidrosenberg/.local/share/lunarvim/lvim/lua
[20:00:20.707][info] [#0:script/workspace/workspace.lua:231]: Preload file at: file:///Users/davidrosenberg/.local/share/lunarvim/lvim/lua/plugins.lua , size = 3.881 KB
[20:00:20.707][info] [#0:script/workspace/workspace.lua:233]: ++++As library of:	/Users/davidrosenberg/.local/share/lunarvim/lvim/lua
[20:00:20.729][info] [#0:script/workspace/workspace.lua:231]: Preload file at: file:///Users/davidrosenberg/.local/share/lunarvim/lvim/lua/utils/init.lua , size = 3.311 KB
[20:00:20.729][info] [#0:script/workspace/workspace.lua:233]: ++++As library of:	/Users/davidrosenberg/.local/share/lunarvim/lvim/lua
[20:00:20.733][info] [#0:script/workspace/workspace.lua:231]: Preload file at: file:///Users/davidrosenberg/.local/share/lunarvim/lvim/lua/lsp/init.lua , size = 4.662 KB
[20:00:20.733][info] [#0:script/workspace/workspace.lua:233]: ++++As library of:	/Users/davidrosenberg/.local/share/lunarvim/lvim/lua
[20:00:20.737][info] [#0:script/workspace/workspace.lua:231]: Preload file at: file:///Users/davidrosenberg/.local/share/lunarvim/lvim/lua/utils/ft.lua , size = 1.203 KB
[20:00:20.737][info] [#0:script/workspace/workspace.lua:233]: ++++As library of:	/Users/davidrosenberg/.local/share/lunarvim/lvim/lua
[20:00:20.738][info] [#0:script/workspace/workspace.lua:231]: Preload file at: file:///Users/davidrosenberg/.local/share/lunarvim/lvim/lua/lsp/kind.lua , size = 0.518 KB
[20:00:20.738][info] [#0:script/workspace/workspace.lua:233]: ++++As library of:	/Users/davidrosenberg/.local/share/lunarvim/lvim/lua
[20:00:20.739][info] [#0:script/workspace/workspace.lua:231]: Preload file at: file:///Users/davidrosenberg/.local/share/lunarvim/lvim/lua/lsp/utils.lua , size = 0.591 KB
[20:00:20.739][info] [#0:script/workspace/workspace.lua:233]: ++++As library of:	/Users/davidrosenberg/.local/share/lunarvim/lvim/lua
[20:00:20.740][info] [#0:script/workspace/workspace.lua:231]: Preload file at: file:///Users/davidrosenberg/.local/share/lunarvim/lvim/lua/lsp/null-ls/init.lua , size = 1.111 KB
[20:00:20.740][info] [#0:script/workspace/workspace.lua:233]: ++++As library of:	/Users/davidrosenberg/.local/share/lunarvim/lvim/lua
[20:00:20.741][info] [#0:script/workspace/workspace.lua:231]: Preload file at: file:///Users/davidrosenberg/.local/share/lunarvim/lvim/lua/lsp/null-ls/linters.lua , size = 2.049 KB
[20:00:20.741][info] [#0:script/workspace/workspace.lua:233]: ++++As library of:	/Users/davidrosenberg/.local/share/lunarvim/lvim/lua
[20:00:20.743][info] [#0:script/workspace/workspace.lua:231]: Preload file at: file:///Users/davidrosenberg/.local/share/lunarvim/lvim/lua/lsp/null-ls/formatters.lua , size = 2.136 KB
[20:00:20.743][info] [#0:script/workspace/workspace.lua:233]: ++++As library of:	/Users/davidrosenberg/.local/share/lunarvim/lvim/lua
[20:00:20.746][info] [#0:script/workspace/workspace.lua:231]: Preload file at: file:///Users/davidrosenberg/.local/share/lunarvim/lvim/lua/lsp/null-ls/services.lua , size = 1.099 KB
[20:00:20.746][info] [#0:script/workspace/workspace.lua:233]: ++++As library of:	/Users/davidrosenberg/.local/share/lunarvim/lvim/lua
[20:00:20.747][info] [#0:script/workspace/workspace.lua:231]: Preload file at: file:///Users/davidrosenberg/.local/share/lunarvim/lvim/lua/lsp/handlers.lua , size = 3.638 KB
[20:00:20.747][info] [#0:script/workspace/workspace.lua:233]: ++++As library of:	/Users/davidrosenberg/.local/share/lunarvim/lvim/lua
[20:00:20.750][info] [#0:script/workspace/workspace.lua:231]: Preload file at: file:///Users/davidrosenberg/.local/share/lunarvim/lvim/lua/lsp/peek.lua , size = 4.150 KB
[20:00:20.750][info] [#0:script/workspace/workspace.lua:233]: ++++As library of:	/Users/davidrosenberg/.local/share/lunarvim/lvim/lua
[20:00:20.754][info] [#0:script/workspace/workspace.lua:231]: Preload file at: file:///Users/davidrosenberg/.local/share/lunarvim/lvim/lua/mykeymappings.lua , size = 5.509 KB
[20:00:20.754][info] [#0:script/workspace/workspace.lua:233]: ++++As library of:	/Users/davidrosenberg/.local/share/lunarvim/lvim/lua
[20:00:20.757][info] [#0:script/workspace/workspace.lua:231]: Preload file at: file:///Users/davidrosenberg/.local/share/lunarvim/lvim/lua/impatient/profile.lua , size = 3.910 KB
[20:00:20.757][info] [#0:script/workspace/workspace.lua:233]: ++++As library of:	/Users/davidrosenberg/.local/share/lunarvim/lvim/lua
[20:00:20.760][info] [#0:script/workspace/workspace.lua:231]: Preload file at: file:///Users/davidrosenberg/.local/share/lunarvim/lvim/lua/impatient/cachepack.lua , size = 0.000 KB
[20:00:20.760][info] [#0:script/workspace/workspace.lua:233]: ++++As library of:	/Users/davidrosenberg/.local/share/lunarvim/lvim/lua
[20:00:20.760][info] [#0:script/workspace/workspace.lua:231]: Preload file at: file:///Users/davidrosenberg/.local/share/lunarvim/lvim/lua/onedarker/palette.lua , size = 0.848 KB
[20:00:20.760][info] [#0:script/workspace/workspace.lua:233]: ++++As library of:	/Users/davidrosenberg/.local/share/lunarvim/lvim/lua
[20:00:20.761][info] [#0:script/workspace/workspace.lua:231]: Preload file at: file:///Users/davidrosenberg/.local/share/lunarvim/lvim/lua/lualine/themes/onedarker.lua , size = 1.045 KB
[20:00:20.761][info] [#0:script/workspace/workspace.lua:233]: ++++As library of:	/Users/davidrosenberg/.local/share/lunarvim/lvim/lua
[20:00:20.762][info] [#0:script/workspace/workspace.lua:231]: Preload file at: file:///Users/davidrosenberg/.local/share/lunarvim/lvim/lua/onedarker/markdown.lua , size = 0.937 KB
[20:00:20.762][info] [#0:script/workspace/workspace.lua:233]: ++++As library of:	/Users/davidrosenberg/.local/share/lunarvim/lvim/lua
[20:00:20.763][info] [#0:script/workspace/workspace.lua:231]: Preload file at: file:///Users/davidrosenberg/.local/share/lunarvim/lvim/lua/onedarker/init.lua , size = 0.709 KB
[20:00:20.763][info] [#0:script/workspace/workspace.lua:233]: ++++As library of:	/Users/davidrosenberg/.local/share/lunarvim/lvim/lua
[20:00:20.767][info] [#0:script/workspace/workspace.lua:231]: Preload file at: file:///Users/davidrosenberg/.local/share/lunarvim/lvim/lua/onedarker/LSP.lua , size = 4.894 KB
[20:00:20.767][info] [#0:script/workspace/workspace.lua:233]: ++++As library of:	/Users/davidrosenberg/.local/share/lunarvim/lvim/lua
[20:00:20.788][info] [#0:script/workspace/workspace.lua:349]: Loaded 99/108 files
[20:00:20.788][info] [#0:script/workspace/workspace.lua:231]: Preload file at: file:///Users/davidrosenberg/.local/share/lunarvim/lvim/lua/onedarker/Git.lua , size = 0.256 KB
[20:00:20.788][info] [#0:script/workspace/workspace.lua:233]: ++++As library of:	/Users/davidrosenberg/.local/share/lunarvim/lvim/lua
[20:00:20.789][info] [#0:script/workspace/workspace.lua:231]: Preload file at: file:///Users/davidrosenberg/.local/share/lunarvim/lvim/lua/onedarker/config.lua , size = 0.582 KB
[20:00:20.789][info] [#0:script/workspace/workspace.lua:233]: ++++As library of:	/Users/davidrosenberg/.local/share/lunarvim/lvim/lua
[20:00:20.790][info] [#0:script/workspace/workspace.lua:231]: Preload file at: file:///Users/davidrosenberg/.local/share/lunarvim/lvim/lua/onedarker/Whichkey.lua , size = 0.209 KB
[20:00:20.790][info] [#0:script/workspace/workspace.lua:233]: ++++As library of:	/Users/davidrosenberg/.local/share/lunarvim/lvim/lua
[20:00:20.790][info] [#0:script/workspace/workspace.lua:231]: Preload file at: file:///Users/davidrosenberg/.local/share/lunarvim/lvim/lua/onedarker/util.lua , size = 0.522 KB
[20:00:20.790][info] [#0:script/workspace/workspace.lua:233]: ++++As library of:	/Users/davidrosenberg/.local/share/lunarvim/lvim/lua
[20:00:20.791][info] [#0:script/workspace/workspace.lua:231]: Preload file at: file:///Users/davidrosenberg/.local/share/lunarvim/lvim/lua/onedarker/Treesitter.lua , size = 2.189 KB
[20:00:20.791][info] [#0:script/workspace/workspace.lua:233]: ++++As library of:	/Users/davidrosenberg/.local/share/lunarvim/lvim/lua
[20:00:20.792][info] [#0:script/workspace/workspace.lua:231]: Preload file at: file:///Users/davidrosenberg/.local/share/lunarvim/lvim/lua/onedarker/highlights.lua , size = 3.869 KB
[20:00:20.793][info] [#0:script/workspace/workspace.lua:233]: ++++As library of:	/Users/davidrosenberg/.local/share/lunarvim/lvim/lua
[20:00:20.796][info] [#0:script/workspace/workspace.lua:231]: Preload file at: file:///Users/davidrosenberg/.local/share/lunarvim/lvim/lua/impatient.lua , size = 7.988 KB
[20:00:20.796][info] [#0:script/workspace/workspace.lua:233]: ++++As library of:	/Users/davidrosenberg/.local/share/lunarvim/lvim/lua
[20:00:20.803][info] [#0:script/workspace/workspace.lua:231]: Preload file at: file:///Users/davidrosenberg/.config/lvim/plugin/packer_compiled.lua , size = 11.389 KB
[20:00:20.808][info] [#0:script/workspace/workspace.lua:231]: Preload file at: file:///Users/davidrosenberg/.config/lvim/config.lua , size = 5.885 KB
[20:00:21.858][info] [#0:script/workspace/workspace.lua:349]: Loaded 108/108 files
[20:00:21.858][info] [#0:script/workspace/workspace.lua:358]: Preload finish.
[20:00:21.858][debug][#0:script/provider/provider.lua:214]: didOpen	file:///Users/davidrosenberg/.config/lvim/config.lua
[20:00:21.987][debug][#0:script/core/noder.lua:1412]: compileNodes:	file:///Users/davidrosenberg/.config/lvim/config.lua
[20:00:21.989][debug][#0:script/core/noder.lua:1416]: compileNodes finish:	file:///Users/davidrosenberg/.config/lvim/config.lua
[20:00:21.989][debug][#0:script/core/noder.lua:1412]: compileNodes:	file:///Users/davidrosenberg/.local/share/nvim/lspinstall/lua/sumneko-lua/extension/server/meta/LuaJIT%20en-us/basic.lua
[20:00:21.992][debug][#0:script/core/noder.lua:1416]: compileNodes finish:	file:///Users/davidrosenberg/.local/share/nvim/lspinstall/lua/sumneko-lua/extension/server/meta/LuaJIT%20en-us/basic.lua
[20:00:21.992][debug][#0:script/core/noder.lua:1412]: compileNodes:	file:///Users/davidrosenberg/.local/share/nvim/lspinstall/lua/sumneko-lua/extension/server/meta/LuaJIT%20en-us/package.lua
[20:00:21.993][debug][#0:script/core/noder.lua:1416]: compileNodes finish:	file:///Users/davidrosenberg/.local/share/nvim/lspinstall/lua/sumneko-lua/extension/server/meta/LuaJIT%20en-us/package.lua
[20:00:21.993][debug][#0:script/core/noder.lua:1412]: compileNodes:	file:///Users/davidrosenberg/.local/share/nvim/lspinstall/lua/sumneko-lua/extension/server/meta/LuaJIT%20en-us/os.lua
[20:00:21.994][debug][#0:script/core/noder.lua:1416]: compileNodes finish:	file:///Users/davidrosenberg/.local/share/nvim/lspinstall/lua/sumneko-lua/extension/server/meta/LuaJIT%20en-us/os.lua
[20:00:21.994][debug][#0:script/core/noder.lua:1412]: compileNodes:	file:///Users/davidrosenberg/.local/share/lunarvim/lvim/lua/config/defaults.lua
[20:00:22.000][debug][#0:script/core/noder.lua:1416]: compileNodes finish:	file:///Users/davidrosenberg/.local/share/lunarvim/lvim/lua/config/defaults.lua
[20:00:22.001][debug][#0:script/core/noder.lua:1412]: compileNodes:	file:///Users/davidrosenberg/.local/share/lunarvim/lvim/lua/keymappings.lua
[20:00:22.002][debug][#0:script/core/noder.lua:1416]: compileNodes finish:	file:///Users/davidrosenberg/.local/share/lunarvim/lvim/lua/keymappings.lua
[20:00:22.002][debug][#0:script/core/noder.lua:1412]: compileNodes:	file:///Users/davidrosenberg/.local/share/lunarvim/lvim/lua/mykeymappings.lua
[20:00:22.003][debug][#0:script/core/noder.lua:1416]: compileNodes finish:	file:///Users/davidrosenberg/.local/share/lunarvim/lvim/lua/mykeymappings.lua
[20:00:22.003][debug][#0:script/core/noder.lua:1412]: compileNodes:	file:///Users/davidrosenberg/.local/share/lunarvim/lvim/lua/core/telescope.lua
[20:00:22.006][debug][#0:script/core/noder.lua:1416]: compileNodes finish:	file:///Users/davidrosenberg/.local/share/lunarvim/lvim/lua/core/telescope.lua
[20:00:22.006][debug][#0:script/core/noder.lua:1412]: compileNodes:	file:///Users/davidrosenberg/.local/share/lunarvim/lvim/lua/onedarker/config.lua
[20:00:22.006][debug][#0:script/core/noder.lua:1416]: compileNodes finish:	file:///Users/davidrosenberg/.local/share/lunarvim/lvim/lua/onedarker/config.lua
[20:00:22.006][debug][#0:script/core/noder.lua:1412]: compileNodes:	file:///Users/davidrosenberg/.local/share/lunarvim/lvim/lua/core/which-key.lua
[20:00:22.018][debug][#0:script/core/noder.lua:1416]: compileNodes finish:	file:///Users/davidrosenberg/.local/share/lunarvim/lvim/lua/core/which-key.lua
[20:00:22.019][debug][#0:script/core/noder.lua:1412]: compileNodes:	file:///Users/davidrosenberg/.local/share/lunarvim/lvim/lua/core/dashboard.lua
[20:00:22.022][debug][#0:script/core/noder.lua:1416]: compileNodes finish:	file:///Users/davidrosenberg/.local/share/lunarvim/lvim/lua/core/dashboard.lua
[20:00:22.023][debug][#0:script/core/noder.lua:1412]: compileNodes:	file:///Users/davidrosenberg/.local/share/lunarvim/lvim/lua/core/terminal.lua
[20:00:22.034][debug][#0:script/core/noder.lua:1416]: compileNodes finish:	file:///Users/davidrosenberg/.local/share/lunarvim/lvim/lua/core/terminal.lua
[20:00:22.035][debug][#0:script/core/noder.lua:1412]: compileNodes:	file:///Users/davidrosenberg/.local/share/lunarvim/lvim/lua/core/nvimtree.lua
[20:00:22.035][debug][#0:script/core/noder.lua:1416]: compileNodes finish:	file:///Users/davidrosenberg/.local/share/lunarvim/lvim/lua/core/nvimtree.lua
[20:00:22.041][debug][#0:script/proto/proto.lua:131]: Method [textDocument/didOpen] takes [0.783]sec.
[20:00:22.044][debug][#0:script/provider/diagnostic.lua:338]: 	0.079625
[20:00:27.387][info] [#0:script/provider/provider.lua:113]: Server shutdown.
[20:00:27.388][info] [#0:script/provider/provider.lua:108]: Server exited.
