[20:00:07.423][info] [#0:/Users/davidrosenberg/.local/share/nvim/lspinstall/lua/sumneko-lua/extension/server/main.lua:44]: Lua Lsp startup, root: 	/Users/davidrosenberg/.local/share/nvim/lspinstall/lua/sumneko-lua/extension/server
[20:00:07.423][debug][#0:/Users/davidrosenberg/.local/share/nvim/lspinstall/lua/sumneko-lua/extension/server/main.lua:45]: ROOT:	/Users/davidrosenberg/.local/share/nvim/lspinstall/lua/sumneko-lua/extension/server
[20:00:07.423][debug][#0:/Users/davidrosenberg/.local/share/nvim/lspinstall/lua/sumneko-lua/extension/server/main.lua:46]: LOGPATH:	/Users/davidrosenberg/.local/share/nvim/lspinstall/lua/sumneko-lua/extension/server/log
[20:00:07.423][debug][#0:/Users/davidrosenberg/.local/share/nvim/lspinstall/lua/sumneko-lua/extension/server/main.lua:47]: METAPATH:	/Users/davidrosenberg/.local/share/nvim/lspinstall/lua/sumneko-lua/extension/server/meta
[20:00:07.424][debug][#0:/Users/davidrosenberg/.local/share/nvim/lspinstall/lua/sumneko-lua/extension/server/main.lua:48]: VERSION:	2.3.6
[20:00:07.452][info] [#0:script/service/telemetry.lua:21]: Telemetry Token:	4CF7DFFBA630E2A9
[20:00:07.538][info] [#0:script/pub/pub.lua:48]: Create brave:	1
[20:00:07.538][info] [#0:script/pub/pub.lua:48]: Create brave:	2
[20:00:07.538][info] [#0:script/pub/pub.lua:48]: Create brave:	3
[20:00:07.538][info] [#0:script/pub/pub.lua:48]: Create brave:	4
[20:00:07.538][debug][#0:script/service/service.lua:137]: 
========= Medical Examination Report =========
    --------------- Memory ---------------
        Total: 1.133 MB
        # 00 : 1.133 MB
        # 01 : 0.000 MB
        # 02 : 0.000 MB
        # 03 : 0.000 MB
        # 04 : 0.000 MB
    --------------- Coroutine ---------------
        Total:     0
        Running:   0
        Suspended: 0
        Normal:    0
        Dead:      0
    --------------- Cache ---------------
        Total: 1
        Dead:  0
    --------------- Proto ---------------
        Holdon:   0
        Waiting:  0
==============================================
[20:00:07.800][debug][#0:script/client.lua:209]: Client init	{
    capabilities = {
        callHierarchy = {
            dynamicRegistration = false,
        },
        textDocument = {
            codeAction = {
                codeActionLiteralSupport = {
                    codeActionKind = {
                        valueSet = {
                            [01] = "",
                            [02] = "Empty",
                            [03] = "QuickFix",
                            [04] = "Refactor",
                            [05] = "RefactorExtract",
                            [06] = "RefactorInline",
                            [07] = "RefactorRewrite",
                            [08] = "Source",
                            [09] = "SourceOrganizeImports",
                            [10] = "quickfix",
                            [11] = "refactor",
                            [12] = "refactor.extract",
                            [13] = "refactor.inline",
                            [14] = "refactor.rewrite",
                            [15] = "source",
                            [16] = "source.organizeImports",
                        },
                    },
                },
                dynamicRegistration = false,
            },
            completion = {
                completionItem = {
                    commitCharactersSupport = true,
                    deprecatedSupport = true,
                    documentationFormat = {
                        [1] = "markdown",
                        [2] = "plaintext",
                    },
                    insertReplaceSupport = true,
                    labelDetailsSupport = true,
                    preselectSupport = true,
                    resolveSupport = {
                        properties = {
                            [1] = "documentation",
                            [2] = "detail",
                            [3] = "additionalTextEdits",
                        },
                    },
                    snippetSupport = true,
                    tagSupport = {
                        valueSet = {
                            [1] = 1,
                        },
                    },
                },
                completionItemKind = {
                    valueSet = {
                        [01] = 1,
                        [02] = 2,
                        [03] = 3,
                        [04] = 4,
                        [05] = 5,
                        [06] = 6,
                        [07] = 7,
                        [08] = 8,
                        [09] = 9,
                        [10] = 10,
                        [11] = 11,
                        [12] = 12,
                        [13] = 13,
                        [14] = 14,
                        [15] = 15,
                        [16] = 16,
                        [17] = 17,
                        [18] = 18,
                        [19] = 19,
                        [20] = 20,
                        [21] = 21,
                        [22] = 22,
                        [23] = 23,
                        [24] = 24,
                        [25] = 25,
                    },
                },
                contextSupport = false,
                dynamicRegistration = false,
            },
            declaration = {
                linkSupport = true,
            },
            definition = {
                linkSupport = true,
            },
            documentHighlight = {
                dynamicRegistration = false,
            },
            documentSymbol = {
                dynamicRegistration = false,
                hierarchicalDocumentSymbolSupport = true,
                symbolKind = {
                    valueSet = {
                        [01] = 1,
                        [02] = 2,
                        [03] = 3,
                        [04] = 4,
                        [05] = 5,
                        [06] = 6,
                        [07] = 7,
                        [08] = 8,
                        [09] = 9,
                        [10] = 10,
                        [11] = 11,
                        [12] = 12,
                        [13] = 13,
                        [14] = 14,
                        [15] = 15,
                        [16] = 16,
                        [17] = 17,
                        [18] = 18,
                        [19] = 19,
                        [20] = 20,
                        [21] = 21,
                        [22] = 22,
                        [23] = 23,
                        [24] = 24,
                        [25] = 25,
                        [26] = 26,
                    },
                },
            },
            hover = {
                contentFormat = {
                    [1] = "markdown",
                    [2] = "plaintext",
                },
                dynamicRegistration = false,
            },
            implementation = {
                linkSupport = true,
            },
            publishDiagnostics = {
                relatedInformation = true,
                tagSupport = {
                    valueSet = {
                        [1] = 1,
                        [2] = 2,
                    },
                },
            },
            references = {
                dynamicRegistration = false,
            },
            rename = {
                dynamicRegistration = false,
                prepareSupport = true,
            },
            signatureHelp = {
                dynamicRegistration = false,
                signatureInformation = {
                    activeParameterSupport = true,
                    documentationFormat = {
                        [1] = "markdown",
                        [2] = "plaintext",
                    },
                    parameterInformation = {
                        labelOffsetSupport = true,
                    },
                },
            },
            synchronization = {
                didSave = true,
                dynamicRegistration = false,
                willSave = false,
                willSaveWaitUntil = false,
            },
            typeDefinition = {
                linkSupport = true,
            },
        },
        window = {
            showDocument = {
                support = false,
            },
            showMessage = {
                messageActionItem = {
                    additionalPropertiesSupport = false,
                },
            },
            workDoneProgress = true,
        },
        workspace = {
            applyEdit = true,
            configuration = true,
            symbol = {
                dynamicRegistration = false,
                hierarchicalWorkspaceSymbolSupport = true,
                symbolKind = {
                    valueSet = {
                        [01] = 1,
                        [02] = 2,
                        [03] = 3,
                        [04] = 4,
                        [05] = 5,
                        [06] = 6,
                        [07] = 7,
                        [08] = 8,
                        [09] = 9,
                        [10] = 10,
                        [11] = 11,
                        [12] = 12,
                        [13] = 13,
                        [14] = 14,
                        [15] = 15,
                        [16] = 16,
                        [17] = 17,
                        [18] = 18,
                        [19] = 19,
                        [20] = 20,
                        [21] = 21,
                        [22] = 22,
                        [23] = 23,
                        [24] = 24,
                        [25] = 25,
                        [26] = 26,
                    },
                },
            },
            workspaceEdit = {
                resourceOperations = {
                    [1] = "rename",
                    [2] = "create",
                    [3] = "delete",
                },
            },
            workspaceFolders = true,
        },
    },
    clientInfo = {
        name = "Neovim",
        version = "0.6.0",
    },
    initializationOptions = {
    },
    processId = 55182,
    rootPath = "/Users/davidrosenberg",
    rootUri = "file:///Users/davidrosenberg",
    trace = "off",
    workspaceFolders = {
        [1] = {
            name = "/Users/davidrosenberg",
            uri = "file:///Users/davidrosenberg",
        },
    },
}
[20:00:07.801][info] [#0:script/language.lua:135]: VSC language: nil
[20:00:07.801][info] [#0:script/language.lua:136]: LS  language: en-us
[20:00:07.802][info] [#0:script/workspace/workspace.lua:34]: Workspace inited: 	file:///Users/davidrosenberg
[20:00:07.802][info] [#0:script/workspace/workspace.lua:43]: Log path: 	/Users/davidrosenberg/.local/share/nvim/lspinstall/lua/sumneko-lua/extension/server/log/file_Users_davidrosenberg.log
[20:00:07.805][debug][#0:script/provider/semantic-tokens.lua:105]: Refresh semantic tokens.
[20:00:07.805][debug][#0:script/provider/semantic-tokens.lua:105]: Refresh semantic tokens.
[20:00:07.805][debug][#0:script/provider/semantic-tokens.lua:105]: Refresh semantic tokens.
[20:00:07.806][debug][#0:script/provider/semantic-tokens.lua:105]: Refresh semantic tokens.
[20:00:07.806][debug][#0:script/provider/semantic-tokens.lua:105]: Refresh semantic tokens.
[20:00:07.806][debug][#0:script/provider/semantic-tokens.lua:105]: Refresh semantic tokens.
[20:00:07.806][debug][#0:script/provider/semantic-tokens.lua:105]: Refresh semantic tokens.
[20:00:07.806][debug][#0:script/provider/semantic-tokens.lua:105]: Refresh semantic tokens.
[20:00:07.806][debug][#0:script/provider/semantic-tokens.lua:105]: Refresh semantic tokens.
[20:00:07.806][debug][#0:script/provider/semantic-tokens.lua:105]: Refresh semantic tokens.
[20:00:07.806][debug][#0:script/provider/semantic-tokens.lua:105]: Refresh semantic tokens.
[20:00:07.806][debug][#0:script/provider/semantic-tokens.lua:105]: Refresh semantic tokens.
[20:00:07.806][debug][#0:script/provider/semantic-tokens.lua:105]: Refresh semantic tokens.
[20:00:07.806][debug][#0:script/provider/semantic-tokens.lua:105]: Refresh semantic tokens.
[20:00:07.806][debug][#0:script/provider/semantic-tokens.lua:105]: Refresh semantic tokens.
[20:00:07.806][debug][#0:script/provider/semantic-tokens.lua:105]: Refresh semantic tokens.
[20:00:07.806][debug][#0:script/provider/semantic-tokens.lua:105]: Refresh semantic tokens.
[20:00:07.806][debug][#0:script/provider/semantic-tokens.lua:105]: Refresh semantic tokens.
[20:00:07.806][debug][#0:script/provider/semantic-tokens.lua:105]: Refresh semantic tokens.
[20:00:07.853][warn] [#0:script/proto/proto.lua:99]: Response of [workspace/semanticTokens/refresh] error [-32601]: MethodNotFound
[20:00:07.854][warn] [#0:script/proto/proto.lua:99]: Response of [workspace/semanticTokens/refresh] error [-32601]: MethodNotFound
[20:00:07.854][warn] [#0:script/proto/proto.lua:99]: Response of [workspace/semanticTokens/refresh] error [-32601]: MethodNotFound
[20:00:07.854][warn] [#0:script/proto/proto.lua:99]: Response of [workspace/semanticTokens/refresh] error [-32601]: MethodNotFound
[20:00:07.854][warn] [#0:script/proto/proto.lua:99]: Response of [workspace/semanticTokens/refresh] error [-32601]: MethodNotFound
[20:00:07.854][warn] [#0:script/proto/proto.lua:99]: Response of [workspace/semanticTokens/refresh] error [-32601]: MethodNotFound
[20:00:07.854][warn] [#0:script/proto/proto.lua:99]: Response of [workspace/semanticTokens/refresh] error [-32601]: MethodNotFound
[20:00:07.854][warn] [#0:script/proto/proto.lua:99]: Response of [workspace/semanticTokens/refresh] error [-32601]: MethodNotFound
[20:00:07.854][warn] [#0:script/proto/proto.lua:99]: Response of [workspace/semanticTokens/refresh] error [-32601]: MethodNotFound
[20:00:07.854][warn] [#0:script/proto/proto.lua:99]: Response of [workspace/semanticTokens/refresh] error [-32601]: MethodNotFound
[20:00:07.854][warn] [#0:script/proto/proto.lua:99]: Response of [workspace/semanticTokens/refresh] error [-32601]: MethodNotFound
[20:00:07.854][warn] [#0:script/proto/proto.lua:99]: Response of [workspace/semanticTokens/refresh] error [-32601]: MethodNotFound
[20:00:07.854][warn] [#0:script/proto/proto.lua:99]: Response of [workspace/semanticTokens/refresh] error [-32601]: MethodNotFound
[20:00:07.854][warn] [#0:script/proto/proto.lua:99]: Response of [workspace/semanticTokens/refresh] error [-32601]: MethodNotFound
[20:00:07.855][warn] [#0:script/proto/proto.lua:99]: Response of [workspace/semanticTokens/refresh] error [-32601]: MethodNotFound
[20:00:07.855][warn] [#0:script/proto/proto.lua:99]: Response of [workspace/semanticTokens/refresh] error [-32601]: MethodNotFound
[20:00:07.856][warn] [#0:script/proto/proto.lua:99]: Response of [workspace/semanticTokens/refresh] error [-32601]: MethodNotFound
[20:00:07.856][warn] [#0:script/proto/proto.lua:99]: Response of [workspace/semanticTokens/refresh] error [-32601]: MethodNotFound
[20:00:07.856][warn] [#0:script/proto/proto.lua:99]: Response of [workspace/semanticTokens/refresh] error [-32601]: MethodNotFound
[20:00:07.875][debug][#0:script/provider/provider.lua:28]: load config from client
[20:00:07.876][debug][#0:script/provider/provider.lua:35]: loaded config dump:	{
    Lua = {
        diagnostics = {
            globals = {
                [1] = "vim",
                [2] = "lvim",
            },
        },
        runtime = {
            path = {
                [1] = "./?.lua",
                [2] = "/Users/davidrosenberg/src/neovim/.deps/usr/share/luajit-2.1.0-beta3/?.lua",
                [3] = "/usr/local/share/lua/5.1/?.lua",
                [4] = "/usr/local/share/lua/5.1/?/init.lua",
                [5] = "/Users/davidrosenberg/src/neovim/.deps/usr/share/lua/5.1/?.lua",
                [6] = "/Users/davidrosenberg/src/neovim/.deps/usr/share/lua/5.1/?/init.lua",
            },
            version = "LuaJIT",
        },
        telemetry = {
            enable = false,
        },
        workspace = {
            library = {
                ["/Users/davidrosenberg/.local/share/lunarvim/lvim/lua"] = true,
                ["/usr/local/share/nvim/runtime/lua"] = true,
                ["/usr/local/share/nvim/runtime/lua/vim/lsp"] = true,
            },
            maxPreload = 100000,
            preloadFileSize = 1000,
        },
    },
}
[20:00:07.923][info] [#0:script/plugin.lua:57]: plugin path:	nil
[20:00:07.925][info] [#0:script/plugin.lua:57]: plugin path:	nil
[20:00:07.925][debug][#0:script/provider/semantic-tokens.lua:105]: Refresh semantic tokens.
[20:00:07.925][info] [#0:script/plugin.lua:57]: plugin path:	nil
[20:00:07.925][debug][#0:script/provider/semantic-tokens.lua:105]: Refresh semantic tokens.
[20:00:07.925][info] [#0:script/plugin.lua:57]: plugin path:	nil
[20:00:07.925][debug][#0:script/provider/semantic-tokens.lua:105]: Refresh semantic tokens.
[20:00:07.932][info] [#0:script/plugin.lua:57]: plugin path:	nil
[20:00:07.932][debug][#0:script/provider/semantic-tokens.lua:105]: Refresh semantic tokens.
[20:00:07.936][info] [#0:script/plugin.lua:57]: plugin path:	nil
[20:00:07.936][debug][#0:script/provider/semantic-tokens.lua:105]: Refresh semantic tokens.
[20:00:07.936][debug][#0:script/provider/provider.lua:28]: load config from client
[20:00:07.936][debug][#0:script/provider/provider.lua:35]: loaded config dump:	{
    Lua = {
        diagnostics = {
            globals = {
                [1] = "vim",
                [2] = "lvim",
            },
        },
        runtime = {
            path = {
                [1] = "./?.lua",
                [2] = "/Users/davidrosenberg/src/neovim/.deps/usr/share/luajit-2.1.0-beta3/?.lua",
                [3] = "/usr/local/share/lua/5.1/?.lua",
                [4] = "/usr/local/share/lua/5.1/?/init.lua",
                [5] = "/Users/davidrosenberg/src/neovim/.deps/usr/share/lua/5.1/?.lua",
                [6] = "/Users/davidrosenberg/src/neovim/.deps/usr/share/lua/5.1/?/init.lua",
            },
            version = "LuaJIT",
        },
        telemetry = {
            enable = false,
        },
        workspace = {
            library = {
                ["/Users/davidrosenberg/.local/share/lunarvim/lvim/lua"] = true,
                ["/usr/local/share/nvim/runtime/lua"] = true,
                ["/usr/local/share/nvim/runtime/lua/vim/lsp"] = true,
            },
            maxPreload = 100000,
            preloadFileSize = 1000,
        },
    },
}
[20:00:07.937][warn] [#0:script/proto/proto.lua:99]: Response of [workspace/semanticTokens/refresh] error [-32601]: MethodNotFound
[20:00:07.937][warn] [#0:script/proto/proto.lua:99]: Response of [workspace/semanticTokens/refresh] error [-32601]: MethodNotFound
[20:00:07.937][warn] [#0:script/proto/proto.lua:99]: Response of [workspace/semanticTokens/refresh] error [-32601]: MethodNotFound
[20:00:07.937][warn] [#0:script/proto/proto.lua:99]: Response of [workspace/semanticTokens/refresh] error [-32601]: MethodNotFound
[20:00:07.937][warn] [#0:script/proto/proto.lua:99]: Response of [workspace/semanticTokens/refresh] error [-32601]: MethodNotFound
[20:00:08.646][info] [#0:script/workspace/workspace.lua:313]: Preload start.
[20:00:08.648][info] [#0:script/workspace/workspace.lua:97]: Ignore by .gitignore:	*.pyc
[20:00:08.648][info] [#0:script/workspace/workspace.lua:97]: Ignore by .gitignore:	__pycache*
[20:00:08.648][info] [#0:script/workspace/workspace.lua:126]: Ignore by library:	/Users/davidrosenberg/.local/share/lunarvim/lvim/lua
[20:00:08.648][info] [#0:script/workspace/workspace.lua:126]: Ignore by library:	/usr/local/share/nvim/runtime/lua
[20:00:08.648][info] [#0:script/workspace/workspace.lua:126]: Ignore by library:	/usr/local/share/nvim/runtime/lua/vim/lsp
[20:00:08.648][debug][#0:script/workspace/workspace.lua:165]: getLibraryMatchers	/Users/davidrosenberg/.local/share/lunarvim/lvim/lua	/Users/davidrosenberg/.local/share/lunarvim/lvim/lua
[20:00:08.648][debug][#0:script/workspace/workspace.lua:165]: getLibraryMatchers	/Users/davidrosenberg/.local/share/nvim/lspinstall/lua/sumneko-lua/extension/server/meta/LuaJIT en-us	/Users/davidrosenberg/.local/share/nvim/lspinstall/lua/sumneko-lua/extension/server/meta/LuaJIT en-us
[20:00:08.649][debug][#0:script/workspace/workspace.lua:165]: getLibraryMatchers	/usr/local/share/nvim/runtime/lua	/usr/local/share/nvim/runtime/lua
[20:00:08.649][debug][#0:script/workspace/workspace.lua:165]: getLibraryMatchers	/usr/local/share/nvim/runtime/lua/vim/lsp	/usr/local/share/nvim/runtime/lua/vim/lsp
[20:00:08.649][info] [#0:script/workspace/workspace.lua:318]: Scan files at:	/Users/davidrosenberg
[20:00:10.618][info] [#0:script/provider/provider.lua:113]: Server shutdown.
[20:00:10.619][info] [#0:script/provider/provider.lua:108]: Server exited.
